<?xml version="1.0" encoding="UTF-8"?>
<testsuite name="com.thinkitive.learnoauth.LearnOauthApplicationTests" tests="1" skipped="0" failures="0" errors="0" timestamp="2024-04-17T11:03:17" hostname="TTPL-LNV-0033" time="0.68">
  <properties/>
  <testcase name="contextLoads()" classname="com.thinkitive.learnoauth.LearnOauthApplicationTests" time="0.68"/>
  <system-out><![CDATA[16:33:16.053 [Test worker] INFO org.springframework.test.context.support.AnnotationConfigContextLoaderUtils -- Could not detect default configuration classes for test class [com.thinkitive.learnoauth.LearnOauthApplicationTests]: LearnOauthApplicationTests does not declare any static, non-private, non-final, nested classes annotated with @Configuration.
16:33:16.148 [Test worker] INFO org.springframework.boot.test.context.SpringBootTestContextBootstrapper -- Found @SpringBootConfiguration com.thinkitive.learnoauth.LearnOauthApplication for test class com.thinkitive.learnoauth.LearnOauthApplicationTests

  .   ____          _            __ _ _
 /\\ / ___'_ __ _ _(_)_ __  __ _ \ \ \ \
( ( )\___ | '_ | '_| | '_ \/ _` | \ \ \ \
 \\/  ___)| |_)| | | | | || (_| |  ) ) ) )
  '  |____| .__|_| |_|_| |_\__, | / / / /
 =========|_|==============|___/=/_/_/_/
 :: Spring Boot ::                (v3.2.4)

2024-04-17T16:33:16.474+05:30  INFO 38386 --- [learn-oauth] [    Test worker] c.t.l.LearnOauthApplicationTests         : Starting LearnOauthApplicationTests using Java 17.0.10 with PID 38386 (started by lnv-0033 in /home/lnv-0033/IdeaProjects/learn-oauth)
2024-04-17T16:33:16.475+05:30  INFO 38386 --- [learn-oauth] [    Test worker] c.t.l.LearnOauthApplicationTests         : No active profile set, falling back to 1 default profile: "default"
2024-04-17T16:33:17.443+05:30  INFO 38386 --- [learn-oauth] [    Test worker] o.s.s.web.DefaultSecurityFilterChain     : Will secure any request with [org.springframework.security.web.session.DisableEncodeUrlFilter@69de5bed, org.springframework.security.web.context.request.async.WebAsyncManagerIntegrationFilter@750f64fe, org.springframework.security.web.context.SecurityContextHolderFilter@b27b210, org.springframework.security.web.header.HeaderWriterFilter@57a6a933, org.springframework.web.filter.CorsFilter@996a546, org.springframework.security.web.csrf.CsrfFilter@23ed382c, org.springframework.security.web.authentication.logout.LogoutFilter@3b42121d, org.springframework.security.oauth2.client.web.OAuth2AuthorizationRequestRedirectFilter@5ff00507, org.springframework.security.oauth2.client.web.OAuth2LoginAuthenticationFilter@6f347d7, org.springframework.security.web.authentication.ui.DefaultLoginPageGeneratingFilter@1280682, org.springframework.security.web.authentication.ui.DefaultLogoutPageGeneratingFilter@4fc165f6, org.springframework.security.web.savedrequest.RequestCacheAwareFilter@33f17289, org.springframework.security.web.servletapi.SecurityContextHolderAwareRequestFilter@f1266c6, org.springframework.security.web.authentication.AnonymousAuthenticationFilter@545b5ed0, org.springframework.security.web.access.ExceptionTranslationFilter@6f3f0ae, org.springframework.security.web.access.intercept.AuthorizationFilter@2173a742]
2024-04-17T16:33:17.654+05:30  INFO 38386 --- [learn-oauth] [    Test worker] c.t.l.LearnOauthApplicationTests         : Started LearnOauthApplicationTests in 1.392 seconds (process running for 2.407)
]]></system-out>
  <system-err><![CDATA[]]></system-err>
</testsuite>
